<?xml version="1.0" encoding="UTF-8"?>
<!-- Generated by org.testng.reporters.JUnitXMLReporter -->
<testsuite hostname="DESKTOP-5UV4F2D" failures="0" tests="5" name="AllSuites" time="18.328" errors="0" timestamp="7 Oct 2020 13:59:48 GMT">
  <testcase classname="test.TestShopping" name="Login" time="2.565"/>
  <testcase classname="test.TestShopping" name="addproducts" time="3.195"/>
  <testcase classname="test.TestShopping" name="addinfo" time="3.429"/>
  <testcase classname="test.TestShopping" name="verifytotal" time="0.1"/>
  <testcase classname="test.TestShopping" name="finishorder" time="2.56"/>
</testsuite> <!-- AllSuites -->
