<?xml version="1.0" encoding="UTF-8"?>
<!-- Generated by org.testng.reporters.JUnitXMLReporter -->
<testsuite hostname="DESKTOP-5UV4F2D" failures="0" tests="5" name="Default test" time="29.357" errors="0" timestamp="11 Oct 2020 20:41:11 GMT">
  <testcase classname="test.TestShopping" name="Login" time="4.766"/>
  <testcase classname="test.TestShopping" name="addproducts" time="6.59"/>
  <testcase classname="test.TestShopping" name="addinfo" time="6.079"/>
  <testcase classname="test.TestShopping" name="verifytotal" time="0.07"/>
  <testcase classname="test.TestShopping" name="finishorder" time="2.167"/>
</testsuite> <!-- Default test -->
