<?xml version="1.0" encoding="UTF-8"?>
<!-- Generated by org.testng.reporters.JUnitXMLReporter -->
<testsuite hostname="DESKTOP-5UV4F2D" failures="0" tests="5" name="Default test" time="17.915" errors="0" timestamp="5 Oct 2020 10:34:18 GMT">
  <testcase classname="test.TestShopping" name="Login" time="3.602"/>
  <testcase classname="test.TestShopping" name="addproducts" time="3.265"/>
  <testcase classname="test.TestShopping" name="addinfo" time="3.038"/>
  <testcase classname="test.TestShopping" name="verifytotal" time="0.097"/>
  <testcase classname="test.TestShopping" name="finishorder" time="1.34"/>
</testsuite> <!-- Default test -->
