<?xml version="1.0" encoding="UTF-8"?>
<testng-results total="5" passed="5" failed="0" skipped="0">
  <reporter-output>
  </reporter-output>
  <suite started-at="2020-10-12T13:39:10Z" name="MyArtifactSuite" finished-at="2020-10-12T13:39:40Z" duration-ms="30249">
    <groups>
    </groups>
    <test started-at="2020-10-12T13:39:10Z" name="AllSuites" finished-at="2020-10-12T13:39:40Z" duration-ms="30249">
      <class name="test.TestShopping">
        <test-method is-config="true" signature="setup()[pri:0, instance:test.TestShopping@6b81ce95]" started-at="2020-10-12T15:39:10Z" name="setup" finished-at="2020-10-12T15:39:21Z" duration-ms="11290" status="PASS">
          <reporter-output>
          </reporter-output>
        </test-method> <!-- setup -->
        <test-method signature="Login()[pri:0, instance:test.TestShopping@6b81ce95]" started-at="2020-10-12T15:39:21Z" name="Login" description="Adding login details" finished-at="2020-10-12T15:39:25Z" duration-ms="4133" status="PASS">
          <reporter-output>
          </reporter-output>
        </test-method> <!-- Login -->
        <test-method signature="addproducts()[pri:1, instance:test.TestShopping@6b81ce95]" started-at="2020-10-12T15:39:25Z" name="addproducts" description="Adding product into cart" finished-at="2020-10-12T15:39:32Z" duration-ms="7040" status="PASS">
          <reporter-output>
          </reporter-output>
        </test-method> <!-- addproducts -->
        <test-method signature="addinfo()[pri:2, instance:test.TestShopping@6b81ce95]" started-at="2020-10-12T15:39:32Z" name="addinfo" description="Adding personal information" finished-at="2020-10-12T15:39:38Z" duration-ms="5969" status="PASS">
          <reporter-output>
          </reporter-output>
        </test-method> <!-- addinfo -->
        <test-method signature="verifytotal()[pri:3, instance:test.TestShopping@6b81ce95]" started-at="2020-10-12T15:39:38Z" name="verifytotal" description="Verifying total in cart" finished-at="2020-10-12T15:39:38Z" duration-ms="68" status="PASS">
          <reporter-output>
          </reporter-output>
        </test-method> <!-- verifytotal -->
        <test-method signature="finishorder()[pri:4, instance:test.TestShopping@6b81ce95]" started-at="2020-10-12T15:39:38Z" name="finishorder" description="Confirming the order" finished-at="2020-10-12T15:39:40Z" duration-ms="1134" status="PASS">
          <reporter-output>
          </reporter-output>
        </test-method> <!-- finishorder -->
        <test-method is-config="true" signature="endSession()[pri:0, instance:test.TestShopping@6b81ce95]" started-at="2020-10-12T15:39:40Z" name="endSession" finished-at="2020-10-12T15:39:40Z" duration-ms="609" status="PASS">
          <reporter-output>
          </reporter-output>
        </test-method> <!-- endSession -->
      </class> <!-- test.TestShopping -->
    </test> <!-- AllSuites -->
  </suite> <!-- MyArtifactSuite -->
</testng-results>
