<?xml version="1.0" encoding="UTF-8"?>
<testng-results total="5" passed="5" failed="0" skipped="0">
  <reporter-output>
  </reporter-output>
  <suite started-at="2020-10-05T10:34:00Z" name="Default suite" finished-at="2020-10-05T10:34:18Z" duration-ms="17915">
    <groups>
    </groups>
    <test started-at="2020-10-05T10:34:00Z" name="Default test" finished-at="2020-10-05T10:34:18Z" duration-ms="17915">
      <class name="test.TestShopping">
        <test-method is-config="true" signature="setup()[pri:0, instance:test.TestShopping@3fc79729]" started-at="2020-10-05T12:34:00Z" name="setup" finished-at="2020-10-05T12:34:07Z" duration-ms="6554" status="PASS">
          <reporter-output>
          </reporter-output>
        </test-method> <!-- setup -->
        <test-method signature="Login()[pri:0, instance:test.TestShopping@3fc79729]" started-at="2020-10-05T12:34:07Z" name="Login" description="Adding login details" finished-at="2020-10-05T12:34:10Z" duration-ms="3602" status="PASS">
          <reporter-output>
          </reporter-output>
        </test-method> <!-- Login -->
        <test-method signature="addproducts()[pri:1, instance:test.TestShopping@3fc79729]" started-at="2020-10-05T12:34:10Z" name="addproducts" description="Adding product into cart" finished-at="2020-10-05T12:34:13Z" duration-ms="3265" status="PASS">
          <reporter-output>
          </reporter-output>
        </test-method> <!-- addproducts -->
        <test-method signature="addinfo()[pri:2, instance:test.TestShopping@3fc79729]" started-at="2020-10-05T12:34:14Z" name="addinfo" description="Adding personal information" finished-at="2020-10-05T12:34:17Z" duration-ms="3038" status="PASS">
          <reporter-output>
          </reporter-output>
        </test-method> <!-- addinfo -->
        <test-method signature="verifytotal()[pri:3, instance:test.TestShopping@3fc79729]" started-at="2020-10-05T12:34:17Z" name="verifytotal" description="Verifying total in cart" finished-at="2020-10-05T12:34:17Z" duration-ms="97" status="PASS">
          <reporter-output>
          </reporter-output>
        </test-method> <!-- verifytotal -->
        <test-method signature="finishorder()[pri:4, instance:test.TestShopping@3fc79729]" started-at="2020-10-05T12:34:17Z" name="finishorder" description="Confirming the order" finished-at="2020-10-05T12:34:18Z" duration-ms="1340" status="PASS">
          <reporter-output>
          </reporter-output>
        </test-method> <!-- finishorder -->
      </class> <!-- test.TestShopping -->
    </test> <!-- Default test -->
  </suite> <!-- Default suite -->
</testng-results>
