<?xml version="1.0" encoding="UTF-8"?>
<testng-results total="5" passed="5" failed="0" skipped="0">
  <reporter-output>
  </reporter-output>
  <suite started-at="2020-10-05T07:19:35Z" name="Default suite" finished-at="2020-10-05T07:19:52Z" duration-ms="16881">
    <groups>
    </groups>
    <test started-at="2020-10-05T07:19:35Z" name="Default test" finished-at="2020-10-05T07:19:52Z" duration-ms="16881">
      <class name="test.TestShopping">
        <test-method is-config="true" signature="setup()[pri:0, instance:test.TestShopping@3fc79729]" started-at="2020-10-05T09:19:35Z" name="setup" finished-at="2020-10-05T09:19:41Z" duration-ms="5784" status="PASS">
          <reporter-output>
          </reporter-output>
        </test-method> <!-- setup -->
        <test-method signature="Login()[pri:0, instance:test.TestShopping@3fc79729]" started-at="2020-10-05T09:19:41Z" name="Login" description="Adding login details" finished-at="2020-10-05T09:19:44Z" duration-ms="3376" status="PASS">
          <reporter-output>
          </reporter-output>
        </test-method> <!-- Login -->
        <test-method signature="addproducts()[pri:1, instance:test.TestShopping@3fc79729]" started-at="2020-10-05T09:19:44Z" name="addproducts" description="Adding product into cart" finished-at="2020-10-05T09:19:47Z" duration-ms="3254" status="PASS">
          <reporter-output>
          </reporter-output>
        </test-method> <!-- addproducts -->
        <test-method signature="addinfo()[pri:2, instance:test.TestShopping@3fc79729]" started-at="2020-10-05T09:19:47Z" name="addinfo" description="Adding personal information" finished-at="2020-10-05T09:19:50Z" duration-ms="2972" status="PASS">
          <reporter-output>
          </reporter-output>
        </test-method> <!-- addinfo -->
        <test-method signature="verifytotal()[pri:3, instance:test.TestShopping@3fc79729]" started-at="2020-10-05T09:19:50Z" name="verifytotal" description="Verifying total in cart" finished-at="2020-10-05T09:19:50Z" duration-ms="81" status="PASS">
          <reporter-output>
          </reporter-output>
        </test-method> <!-- verifytotal -->
        <test-method signature="finishorder()[pri:4, instance:test.TestShopping@3fc79729]" started-at="2020-10-05T09:19:50Z" name="finishorder" description="Confirming the order" finished-at="2020-10-05T09:19:52Z" duration-ms="1399" status="PASS">
          <reporter-output>
          </reporter-output>
        </test-method> <!-- finishorder -->
      </class> <!-- test.TestShopping -->
    </test> <!-- Default test -->
  </suite> <!-- Default suite -->
</testng-results>
